<?xml version="1.0" encoding="UTF-8"?>
<robot generator="Robot 3.2.1 (Python 3.8.3 on win32)" generated="20200608 00:53:51.550" rpa="false">
<suite id="s1" name="Testcase" source="C:\Teste-Softplan\testcase">
<suite id="s1-s1" name="testcase Carrinho" source="C:\Teste-Softplan\testcase\testcase_Carrinho.robot">
<test id="s1-s1-t1" name="Cenário 01 Carrinho de compras">
<kw name="Realizar Acesso ao site de compras" library="carrinho">
<kw name="Open Browser" library="SeleniumLibrary">
<doc>Opens a new browser instance to the optional ``url``.</doc>
<arguments>
<arg>${URL}</arg>
<arg>${BROWSER}</arg>
</arguments>
<msg timestamp="20200608 00:53:52.953" level="INFO">Opening browser 'Chrome' to base url 'http://automationpractice.com/index.php'.</msg>
<status status="PASS" starttime="20200608 00:53:52.951" endtime="20200608 00:54:09.418"></status>
</kw>
<status status="PASS" starttime="20200608 00:53:52.949" endtime="20200608 00:54:09.419"></status>
</kw>
<kw name="Validar home do site" library="carrinho">
<kw name="Wait Until Element Is Visible" library="SeleniumLibrary">
<doc>Waits until the element ``locator`` is visible.</doc>
<arguments>
<arg>id=header_logo</arg>
</arguments>
<status status="PASS" starttime="20200608 00:54:09.424" endtime="20200608 00:54:09.827"></status>
</kw>
<kw name="Title Should Be" library="SeleniumLibrary">
<doc>Verifies that the current page title equals ``title``.</doc>
<arguments>
<arg>My Store</arg>
</arguments>
<msg timestamp="20200608 00:54:09.887" level="INFO">Page title is 'My Store'.</msg>
<status status="PASS" starttime="20200608 00:54:09.828" endtime="20200608 00:54:09.888"></status>
</kw>
<status status="PASS" starttime="20200608 00:54:09.421" endtime="20200608 00:54:09.889"></status>
</kw>
<kw name="Validar carrinho de compras vazio, deve ser exibida a mensagem: “Your shopping cart is empty”" library="carrinho">
<kw name="Click Element" library="SeleniumLibrary">
<doc>Click the element identified by ``locator``.</doc>
<arguments>
<arg>xpath=//header[@id='header']/div[3]/div/div/div[3]/div/a/b</arg>
</arguments>
<msg timestamp="20200608 00:54:09.915" level="INFO">Clicking element 'xpath=//header[@id='header']/div[3]/div/div/div[3]/div/a/b'.</msg>
<status status="PASS" starttime="20200608 00:54:09.914" endtime="20200608 00:54:13.804"></status>
</kw>
<kw name="Page Should Contain" library="SeleniumLibrary">
<doc>Verifies that current page contains ``text``.</doc>
<arguments>
<arg>Your shopping cart is empty</arg>
</arguments>
<msg timestamp="20200608 00:54:14.708" level="INFO">Current page contains text 'Your shopping cart is empty'.</msg>
<status status="PASS" starttime="20200608 00:54:13.805" endtime="20200608 00:54:14.709"></status>
</kw>
<kw name="Close Browser" library="SeleniumLibrary">
<doc>Closes the current browser.</doc>
<status status="PASS" starttime="20200608 00:54:14.710" endtime="20200608 00:54:19.627"></status>
</kw>
<status status="PASS" starttime="20200608 00:54:09.912" endtime="20200608 00:54:19.628"></status>
</kw>
<kw name="Adicionar um produto ao carrinho, o usuário deve ser questionado se deseja continuar comprando ou finalizar a compra" library="carrinho">
<kw name="Open Browser" library="SeleniumLibrary">
<doc>Opens a new browser instance to the optional ``url``.</doc>
<arguments>
<arg>${URL}</arg>
<arg>${BROWSER}</arg>
</arguments>
<msg timestamp="20200608 00:54:19.633" level="INFO">Opening browser 'Chrome' to base url 'http://automationpractice.com/index.php'.</msg>
<status status="PASS" starttime="20200608 00:54:19.631" endtime="20200608 00:54:42.058"></status>
</kw>
<kw name="Wait Until Element Is Visible" library="SeleniumLibrary">
<doc>Waits until the element ``locator`` is visible.</doc>
<arguments>
<arg>id=header_logo</arg>
</arguments>
<status status="PASS" starttime="20200608 00:54:42.059" endtime="20200608 00:54:44.177"></status>
</kw>
<kw name="Click Element" library="SeleniumLibrary">
<doc>Click the element identified by ``locator``.</doc>
<arguments>
<arg>xpath=//*[@id="homefeatured"]/li[2]/div/div[1]/div/a[1]/img</arg>
</arguments>
<msg timestamp="20200608 00:54:44.179" level="INFO">Clicking element 'xpath=//*[@id="homefeatured"]/li[2]/div/div[1]/div/a[1]/img'.</msg>
<status status="PASS" starttime="20200608 00:54:44.178" endtime="20200608 00:54:47.929"></status>
</kw>
<kw name="Click Element" library="SeleniumLibrary">
<doc>Click the element identified by ``locator``.</doc>
<arguments>
<arg>xpath=//*[@id="add_to_cart"]/button/span</arg>
</arguments>
<msg timestamp="20200608 00:54:47.931" level="INFO">Clicking element 'xpath=//*[@id="add_to_cart"]/button/span'.</msg>
<status status="PASS" starttime="20200608 00:54:47.930" endtime="20200608 00:54:49.452"></status>
</kw>
<kw name="Page Should Contain" library="SeleniumLibrary">
<doc>Verifies that current page contains ``text``.</doc>
<arguments>
<arg>There is 1 item in your cart.</arg>
</arguments>
<msg timestamp="20200608 00:54:49.589" level="INFO">Current page contains text 'There is 1 item in your cart.'.</msg>
<status status="PASS" starttime="20200608 00:54:49.453" endtime="20200608 00:54:49.589"></status>
</kw>
<kw name="Page Should Contain" library="SeleniumLibrary">
<doc>Verifies that current page contains ``text``.</doc>
<arguments>
<arg>Continue shopping</arg>
</arguments>
<msg timestamp="20200608 00:54:49.703" level="INFO">Current page contains text 'Continue shopping'.</msg>
<status status="PASS" starttime="20200608 00:54:49.592" endtime="20200608 00:54:49.704"></status>
</kw>
<kw name="Page Should Contain" library="SeleniumLibrary">
<doc>Verifies that current page contains ``text``.</doc>
<arguments>
<arg>Proceed to checkout</arg>
</arguments>
<msg timestamp="20200608 00:54:49.834" level="INFO">Current page contains text 'Proceed to checkout'.</msg>
<status status="PASS" starttime="20200608 00:54:49.705" endtime="20200608 00:54:49.834"></status>
</kw>
<kw name="Click Element" library="SeleniumLibrary">
<doc>Click the element identified by ``locator``.</doc>
<arguments>
<arg>xpath=//*[@id="layer_cart"]/div[1]/div[2]/div[4]/a/span</arg>
</arguments>
<msg timestamp="20200608 00:54:49.836" level="INFO">Clicking element 'xpath=//*[@id="layer_cart"]/div[1]/div[2]/div[4]/a/span'.</msg>
<status status="PASS" starttime="20200608 00:54:49.835" endtime="20200608 00:54:58.791"></status>
</kw>
<kw name="Page Should Contain Element" library="SeleniumLibrary">
<doc>Verifies that element ``locator`` is found on the current page.</doc>
<arguments>
<arg>xpath=//*[@id="product_price_2_7_0"]/span</arg>
</arguments>
<msg timestamp="20200608 00:54:59.065" level="INFO">Current page contains element 'xpath=//*[@id="product_price_2_7_0"]/span'.</msg>
<status status="PASS" starttime="20200608 00:54:58.792" endtime="20200608 00:54:59.067"></status>
</kw>
<kw name="Page Should Contain Element" library="SeleniumLibrary">
<doc>Verifies that element ``locator`` is found on the current page.</doc>
<arguments>
<arg>xpath=//*[@id="product_2_7_0_0"]/td[5]/input[2]</arg>
</arguments>
<msg timestamp="20200608 00:54:59.388" level="INFO">Current page contains element 'xpath=//*[@id="product_2_7_0_0"]/td[5]/input[2]'.</msg>
<status status="PASS" starttime="20200608 00:54:59.068" endtime="20200608 00:54:59.388"></status>
</kw>
<kw name="Page Should Contain Element" library="SeleniumLibrary">
<doc>Verifies that element ``locator`` is found on the current page.</doc>
<arguments>
<arg>id=total_product_price_2_7_0</arg>
</arguments>
<msg timestamp="20200608 00:55:00.215" level="INFO">Current page contains element 'id=total_product_price_2_7_0'.</msg>
<status status="PASS" starttime="20200608 00:54:59.389" endtime="20200608 00:55:00.216"></status>
</kw>
<kw name="Page Should Contain Element" library="SeleniumLibrary">
<doc>Verifies that element ``locator`` is found on the current page.</doc>
<arguments>
<arg>id=total_price</arg>
</arguments>
<msg timestamp="20200608 00:55:00.740" level="INFO">Current page contains element 'id=total_price'.</msg>
<status status="PASS" starttime="20200608 00:55:00.217" endtime="20200608 00:55:00.741"></status>
</kw>
<kw name="Click Element" library="SeleniumLibrary">
<doc>Click the element identified by ``locator``.</doc>
<arguments>
<arg>class=icon-trash</arg>
</arguments>
<msg timestamp="20200608 00:55:00.743" level="INFO">Clicking element 'class=icon-trash'.</msg>
<status status="PASS" starttime="20200608 00:55:00.742" endtime="20200608 00:55:04.747"></status>
</kw>
<kw name="Page Should Contain" library="SeleniumLibrary">
<doc>Verifies that current page contains ``text``.</doc>
<arguments>
<arg>Your shopping cart is empty.</arg>
</arguments>
<msg timestamp="20200608 00:55:16.358" level="INFO">Current page contains text 'Your shopping cart is empty.'.</msg>
<status status="PASS" starttime="20200608 00:55:04.752" endtime="20200608 00:55:16.359"></status>
</kw>
<kw name="Close Browser" library="SeleniumLibrary">
<doc>Closes the current browser.</doc>
<status status="PASS" starttime="20200608 00:55:16.360" endtime="20200608 00:55:43.464"></status>
</kw>
<status status="PASS" starttime="20200608 00:54:19.629" endtime="20200608 00:55:43.468"></status>
</kw>
<status status="PASS" starttime="20200608 00:53:52.944" endtime="20200608 00:55:43.491" critical="yes"></status>
</test>
<status status="PASS" starttime="20200608 00:53:51.707" endtime="20200608 00:55:43.532"></status>
</suite>
<suite id="s1-s2" name="Testcase Categoria Produto" source="C:\Teste-Softplan\testcase\testcase_categoria_produto.robot">
<test id="s1-s2-t1" name="Cenário 01 Exibir as categorias de produtos no menu da página inicial">
<kw name="Realizar Acesso ao site de compras" library="categoria_produto">
<kw name="Open Browser" library="SeleniumLibrary">
<doc>Opens a new browser instance to the optional ``url``.</doc>
<arguments>
<arg>${URL}</arg>
<arg>${BROWSER}</arg>
</arguments>
<msg timestamp="20200608 00:55:43.691" level="INFO">Opening browser 'Chrome' to base url 'http://automationpractice.com/index.php'.</msg>
<status status="PASS" starttime="20200608 00:55:43.689" endtime="20200608 00:56:58.443"></status>
</kw>
<status status="PASS" starttime="20200608 00:55:43.683" endtime="20200608 00:56:58.447"></status>
</kw>
<kw name="Validar home do site" library="categoria_produto">
<kw name="Wait Until Element Is Visible" library="SeleniumLibrary">
<doc>Waits until the element ``locator`` is visible.</doc>
<arguments>
<arg>id=header_logo</arg>
</arguments>
<status status="PASS" starttime="20200608 00:56:58.725" endtime="20200608 00:57:32.954"></status>
</kw>
<kw name="Title Should Be" library="SeleniumLibrary">
<doc>Verifies that the current page title equals ``title``.</doc>
<arguments>
<arg>My Store</arg>
</arguments>
<msg timestamp="20200608 00:57:33.601" level="INFO">Page title is 'My Store'.</msg>
<status status="PASS" starttime="20200608 00:57:32.955" endtime="20200608 00:57:33.601"></status>
</kw>
<status status="PASS" starttime="20200608 00:56:58.723" endtime="20200608 00:57:33.602"></status>
</kw>
<kw name="Devem ser exibidos os menus: Woman, Dress e T-shirts" library="categoria_produto">
<kw name="Page Should Contain Element" library="SeleniumLibrary">
<doc>Verifies that element ``locator`` is found on the current page.</doc>
<arguments>
<arg>xpath=//*[@id="block_top_menu"]/ul/li[1]/a</arg>
</arguments>
<msg timestamp="20200608 00:57:34.467" level="INFO">Current page contains element 'xpath=//*[@id="block_top_menu"]/ul/li[1]/a'.</msg>
<status status="PASS" starttime="20200608 00:57:33.653" endtime="20200608 00:57:34.468"></status>
</kw>
<kw name="Page Should Contain Element" library="SeleniumLibrary">
<doc>Verifies that element ``locator`` is found on the current page.</doc>
<arguments>
<arg>xpath=//*[@id="block_top_menu"]/ul/li[2]/a</arg>
</arguments>
<msg timestamp="20200608 00:57:35.403" level="INFO">Current page contains element 'xpath=//*[@id="block_top_menu"]/ul/li[2]/a'.</msg>
<status status="PASS" starttime="20200608 00:57:34.468" endtime="20200608 00:57:35.403"></status>
</kw>
<kw name="Page Should Contain Element" library="SeleniumLibrary">
<doc>Verifies that element ``locator`` is found on the current page.</doc>
<arguments>
<arg>xpath=//*[@id="block_top_menu"]/ul/li[3]/a</arg>
</arguments>
<msg timestamp="20200608 00:57:36.108" level="INFO">Current page contains element 'xpath=//*[@id="block_top_menu"]/ul/li[3]/a'.</msg>
<status status="PASS" starttime="20200608 00:57:35.404" endtime="20200608 00:57:36.109"></status>
</kw>
<status status="PASS" starttime="20200608 00:57:33.644" endtime="20200608 00:57:36.110"></status>
</kw>
<kw name="validar menu Woman" library="categoria_produto">
<kw name="Click Element" library="SeleniumLibrary">
<doc>Click the element identified by ``locator``.</doc>
<arguments>
<arg>xpath=//*[@id="block_top_menu"]/ul/li[1]/a</arg>
</arguments>
<msg timestamp="20200608 00:57:36.856" level="INFO">Clicking element 'xpath=//*[@id="block_top_menu"]/ul/li[1]/a'.</msg>
<status status="PASS" starttime="20200608 00:57:36.855" endtime="20200608 00:57:55.830"></status>
</kw>
<kw name="Page Should Contain" library="SeleniumLibrary">
<doc>Verifies that current page contains ``text``.</doc>
<arguments>
<arg>Tops</arg>
</arguments>
<msg timestamp="20200608 00:57:56.664" level="INFO">Current page contains text 'Tops'.</msg>
<status status="PASS" starttime="20200608 00:57:55.831" endtime="20200608 00:57:56.665"></status>
</kw>
<kw name="Page Should Contain" library="SeleniumLibrary">
<doc>Verifies that current page contains ``text``.</doc>
<arguments>
<arg>Dresses</arg>
</arguments>
<msg timestamp="20200608 00:57:58.239" level="INFO">Current page contains text 'Dresses'.</msg>
<status status="PASS" starttime="20200608 00:57:56.666" endtime="20200608 00:57:58.240"></status>
</kw>
<kw name="Click Element" library="SeleniumLibrary">
<doc>Click the element identified by ``locator``.</doc>
<arguments>
<arg>xpath=//*[@id="categories_block_left"]/div/ul/li[1]/a</arg>
</arguments>
<msg timestamp="20200608 00:57:58.242" level="INFO">Clicking element 'xpath=//*[@id="categories_block_left"]/div/ul/li[1]/a'.</msg>
<status status="PASS" starttime="20200608 00:57:58.241" endtime="20200608 00:58:12.783"></status>
</kw>
<kw name="Page Should Contain" library="SeleniumLibrary">
<doc>Verifies that current page contains ``text``.</doc>
<arguments>
<arg>T-shirts</arg>
</arguments>
<msg timestamp="20200608 00:58:14.984" level="INFO">Current page contains text 'T-shirts'.</msg>
<status status="PASS" starttime="20200608 00:58:12.785" endtime="20200608 00:58:14.985"></status>
</kw>
<kw name="Page Should Contain" library="SeleniumLibrary">
<doc>Verifies that current page contains ``text``.</doc>
<arguments>
<arg>Blouses</arg>
</arguments>
<msg timestamp="20200608 00:58:16.242" level="INFO">Current page contains text 'Blouses'.</msg>
<status status="PASS" starttime="20200608 00:58:14.988" endtime="20200608 00:58:16.242"></status>
</kw>
<kw name="Click Element" library="SeleniumLibrary">
<doc>Click the element identified by ``locator``.</doc>
<arguments>
<arg>xpath=//*[@id="columns"]/div[1]/a[2]</arg>
</arguments>
<msg timestamp="20200608 00:58:16.246" level="INFO">Clicking element 'xpath=//*[@id="columns"]/div[1]/a[2]'.</msg>
<status status="PASS" starttime="20200608 00:58:16.244" endtime="20200608 00:58:31.882"></status>
</kw>
<kw name="Click Element" library="SeleniumLibrary">
<doc>Click the element identified by ``locator``.</doc>
<arguments>
<arg>xpath=//*[@id="categories_block_left"]/div/ul/li[2]/a</arg>
</arguments>
<msg timestamp="20200608 00:58:31.884" level="INFO">Clicking element 'xpath=//*[@id="categories_block_left"]/div/ul/li[2]/a'.</msg>
<status status="PASS" starttime="20200608 00:58:31.883" endtime="20200608 00:58:43.960"></status>
</kw>
<kw name="Page Should Contain" library="SeleniumLibrary">
<doc>Verifies that current page contains ``text``.</doc>
<arguments>
<arg>Casual Dresses</arg>
</arguments>
<msg timestamp="20200608 00:58:45.237" level="INFO">Current page contains text 'Casual Dresses'.</msg>
<status status="PASS" starttime="20200608 00:58:43.963" endtime="20200608 00:58:45.237"></status>